make all --print-data-base --no-builtin-variables --no-builtin-rules --question
make: *** No rule to make target 'all'.  Stop.

# GNU Make 4.2.1
# Built for x86_64-pc-linux-gnu
# Copyright (C) 1988-2016 Free Software Foundation, Inc.
# License GPLv3+: GNU GPL version 3 or later <http://gnu.org/licenses/gpl.html>
# This is free software: you are free to change and redistribute it.
# There is NO WARRANTY, to the extent permitted by law.

# Make data base, printed on Fri May 20 10:25:47 2022

# Variables

# 'override' directive
GNUMAKEFLAGS := 
# automatic
<D = $(patsubst %/,%,$(dir $<))
# automatic
?F = $(notdir $?)
# environment
DESKTOP_SESSION = ubuntu
# default
.SHELLFLAGS := -c
# environment
XDG_SESSION_CLASS = user
# environment
SNAP_COMMON = /var/snap/code/common
# environment
XDG_SESSION_TYPE = x11
# environment
VSCODE_LOG_NATIVE = false
# automatic
?D = $(patsubst %/,%,$(dir $?))
# environment
IM_CONFIG_PHASE = 1
# automatic
@D = $(patsubst %/,%,$(dir $@))
# environment
XAUTHORITY = /run/user/1000/gdm/Xauthority
# environment
GDMSESSION = ubuntu
# environment
XMODIFIERS = @im=ibus
# makefile
CURDIR := /home/luben/Documentos/GitHub/Luben/Estudos_Python/Estudos/CursoPythonFlask
# makefile
SHELL = /bin/sh
# environment
SNAP_DATA = /var/snap/code/97
# environment
VSCODE_NLS_CONFIG = {"locale":"pt-br","availableLanguages":{"*":"pt-br"},"_languagePackId":"74ce6549a467d1dfaba55fb5394742c9.pt-br","_translationsConfigFile":"/home/luben/.config/Code/clp/74ce6549a467d1dfaba55fb5394742c9.pt-br/tcf.json","_cacheRoot":"/home/luben/.config/Code/clp/74ce6549a467d1dfaba55fb5394742c9.pt-br","_resolvedLanguagePackCoreLocation":"/home/luben/.config/Code/clp/74ce6549a467d1dfaba55fb5394742c9.pt-br/c3511e6c69bb39013c4a4b7b9566ec1ca73fc4d5","_corruptedFile":"/home/luben/.config/Code/clp/74ce6549a467d1dfaba55fb5394742c9.pt-br/corrupted.info","_languagePackSupport":true}
# environment
JOURNAL_STREAM = 8:55298
# environment
XDG_CONFIG_DIRS = /etc/xdg/xdg-ubuntu:/etc/xdg
# environment
SNAP_INSTANCE_NAME = code
# environment
SNAP_ARCH = amd64
# makefile (from 'Makefile', line 1)
MAKEFILE_LIST :=  Makefile
# automatic
@F = $(notdir $@)
# environment
GIO_LAUNCHED_DESKTOP_FILE = /var/lib/snapd/desktop/applications/code_code.desktop
# environment
USERNAME = luben
# environment
MANDATORY_PATH = /usr/share/gconf/ubuntu.mandatory.path
# environment
XDG_DATA_DIRS = /usr/share/ubuntu:/usr/local/share/:/usr/share/:/var/lib/snapd/desktop
# environment
DBUS_SESSION_BUS_ADDRESS = unix:path=/run/user/1000/bus
# environment
VSCODE_VERBOSE_LOGGING = true
# environment
_ = /snap/code/97/usr/share/code/code
# environment
MANAGERPID = 2710
# environment
VSCODE_IPC_HOOK_EXTHOST = /run/user/1000/vscode-ipc-f0db1caa-3c8e-473e-a40f-d715eee22fb3.sock
# environment
VSCODE_CWD = /home/luben
# environment
GSETTINGS_SCHEMA_DIR = /snap/code/97/usr/share/glib-2.0/schemas
# default
MAKE_HOST := x86_64-pc-linux-gnu
# environment
PATH = /home/luben/.pyenv/bin:/home/luben/.pyenv/bin:/home/luben/.poetry/bin:/home/luben/.poetry/bin:/home/luben/.local/bin:/usr/local/sbin:/usr/local/bin:/usr/sbin:/usr/bin:/sbin:/bin:/usr/games:/usr/local/games:/snap/bin
# environment
GPG_AGENT_INFO = /run/user/1000/gnupg/S.gpg-agent:0:1
# environment
LSCOLORS = Gxfxcxdxbxegedabagacad
# environment
SESSION_MANAGER = local/latitude-e6330:@/tmp/.ICE-unix/2933,unix/latitude-e6330:/tmp/.ICE-unix/2933
# environment
XDG_RUNTIME_DIR = /run/user/1000
# environment
GDK_PIXBUF_MODULE_FILE = /home/luben/snap/code/common/.cache/gdk-pixbuf-loaders.cache
# environment
SNAP = /snap/code/97
# environment
SNAP_VERSION = c3511e6c
# environment
XDG_MENU_PREFIX = gnome-
# environment
VSCODE_LOG_STACK = false
# environment
DISABLE_WAYLAND = 1
# environment
ELECTRON_RUN_AS_NODE = 1
# environment
PYENV_ROOT = /home/luben/.pyenv
# environment
INVOCATION_ID = 009c3720aea246258dd463375eb5fe32
# environment
GDK_PIXBUF_MODULEDIR = /snap/code/97/usr/lib/x86_64-linux-gnu/gdk-pixbuf-2.0/2.10.0/loaders
# default
.FEATURES := target-specific order-only second-expansion else-if shortest-stem undefine oneshell archives jobserver output-sync check-symlink load
# environment
ELECTRON_NO_ATTACH_CONSOLE = 1
# environment
LS_COLORS = 
# environment
XDG_SESSION_DESKTOP = ubuntu
# environment
SSH_AUTH_SOCK = /run/user/1000/keyring/ssh
# environment
GIO_LAUNCHED_DESKTOP_FILE_PID = 5539
# automatic
%F = $(notdir $%)
# environment
DISPLAY = :0
# environment
VSCODE_PIPE_LOGGING = true
# environment
SNAP_INSTANCE_KEY = 
# environment
PWD = /home/luben/Documentos/GitHub/Luben/Estudos_Python/Estudos/CursoPythonFlask
# default
.LOADED := 
# environment
SSH_AGENT_PID = 2892
# environment
ORIGINAL_XDG_CURRENT_DESKTOP = ubuntu:GNOME
# environment
GTK_MODULES = gail:atk-bridge
# environment
VSCODE_AMD_ENTRYPOINT = vs/workbench/api/node/extensionHostProcess
# environment
PYENV_SHELL = zsh
# environment
HOME = /home/luben
# environment
VSCODE_CLI = 1
# environment
VSCODE_CODE_CACHE_PATH = /home/luben/.config/Code/CachedData/c3511e6c69bb39013c4a4b7b9566ec1ca73fc4d5
# environment
LOGNAME = luben
# environment
APPLICATION_INSIGHTS_NO_DIAGNOSTIC_CHANNEL = true
# environment
SNAP_LIBRARY_PATH = /var/lib/snapd/lib/gl:/var/lib/snapd/lib/gl32:/var/lib/snapd/void
# environment
SNAP_CONTEXT = _hDq5sMJ6aZDiPG0mrcsJ8N9eGFNMwFFrZWnSyh_GsbtIk0RquPn
# environment
ZSH = /home/luben/.oh-my-zsh
# environment
SNAP_USER_COMMON = /home/luben/snap/code/common
# environment
VSCODE_HANDLES_UNCAUGHT_ERRORS = true
# environment
GNOME_DESKTOP_SESSION_ID = this-is-deprecated
# automatic
^D = $(patsubst %/,%,$(dir $^))
# environment
MAKELEVEL := 0
# environment
SNAP_REAL_HOME = /home/luben
# default
MAKE = $(MAKE_COMMAND)
# default
MAKECMDGOALS := all
# environment
QT_IM_MODULE = ibus
# environment
SNAP_USER_DATA = /home/luben/snap/code/97
# environment
SHLVL = 0
# environment
GNOME_SHELL_SESSION_MODE = ubuntu
# default
MAKE_VERSION := 4.2.1
# environment
USER = luben
# environment
SNAP_REVISION = 97
# makefile
.DEFAULT_GOAL := 
# environment
XDG_CURRENT_DESKTOP = Unity
# environment
LESS = -R
# automatic
%D = $(patsubst %/,%,$(dir $%))
# default
MAKE_COMMAND := make
# environment
OLDPWD = /home/luben
# default
.VARIABLES := 
# automatic
*F = $(notdir $*)
# environment
LANGUAGE = pt_BR:pt:en
# environment
VSCODE_IPC_HOOK = /run/user/1000/vscode-70a463df-1.67.2-main.sock
# environment
BAMF_DESKTOP_FILE_HINT = /var/lib/snapd/desktop/applications/code_code.desktop
# makefile
MAKEFLAGS = pqrR
# environment
MFLAGS = -pqrR
# automatic
*D = $(patsubst %/,%,$(dir $*))
# automatic
+D = $(patsubst %/,%,$(dir $+))
# environment
GDK_BACKEND = x11
# automatic
+F = $(notdir $+)
# environment
QT_ACCESSIBILITY = 1
# environment
DEFAULTS_PATH = /usr/share/gconf/ubuntu.default.path
# default
MAKEFILES := 
# environment
SNAP_COOKIE = _hDq5sMJ6aZDiPG0mrcsJ8N9eGFNMwFFrZWnSyh_GsbtIk0RquPn
# automatic
<F = $(notdir $<)
# environment
SNAP_NAME = code
# environment
PAGER = less
# environment
LC_ALL = C
# environment
GJS_DEBUG_TOPICS = JS ERROR;JS LOG
# automatic
^F = $(notdir $^)
# default
SUFFIXES := 
# environment
SNAP_REEXEC = 
# environment
CHROME_DESKTOP = code-url-handler.desktop
# environment
WINDOWPATH = 2
# default
.INCLUDE_DIRS = /usr/include /usr/local/include /usr/include
# environment
GJS_DEBUG_OUTPUT = stderr
# default
.RECIPEPREFIX := 
# environment
LANG = C
# environment
VSCODE_PID = 5593
# variable set hash-table stats:
# Load=128/1024=12%, Rehash=0, Collisions=18/152=12%

# Pattern-specific Variable Values

# No pattern-specific variable values.

# Directories

# . (device 2050, inode 6951751): 11 files, no impossibilities.

# 11 files, no impossibilities in 1 directories.

# Implicit Rules

# No implicit rules.

# Files

# Not a target:
all:
#  Command line target.
#  Implicit rule search has been done.
#  File does not exist.
#  File has not been updated.

# Not a target:
Makefile:
#  Implicit rule search has been done.
#  Last modified 2022-05-20 10:25:33.209918809
#  File has been updated.
#  Successfully updated.

# Not a target:
.DEFAULT:
#  Implicit rule search has not been done.
#  Modification time never checked.
#  File has not been updated.

# files hash-table stats:
 
# Load=4/1024=0%, Rehash=0, Collisions=0/14=0%
# VPATH Search Paths

# No 'vpath' search paths.

# No general ('VPATH' variable) search path.

# strcache buffers: 1 (0) / strings = 16 / storage = 163 B / avg = 10 B
# current buf: size = 8162 B / used = 163 B / count = 16 / avg = 10 B

# strcache performance: lookups = 20 / hit rate = 20%
# hash-table stats:
# Load=16/8192=0%, Rehash=0, Collisions=1/20=5%
# Finished Make data base on Fri May 20 10:25:47 2022

 
